
ROM used:   374/8192 (5%)
            374/8192 (5%) including unused fragments

            0.2 Average locations per line
            1.4 Average locations per statement

RAM used:   28/368 (8%) at main() level
            35/368 (10%) worst case

Stack used: 1 worst case (0 in main + 1 for interrupts)
Stack size: 8

Lines Stmts  %   Files
----- ----- ---  -----
   28    11   4  manejoarchivos.c
  758     0   0  ..\..\Program Files (x86)\PICC\Devices\16f887.h
   60    13   5  timers.c
   71    25  10  bsp.c
   37     0   0  ..\..\Program Files (x86)\PICC\Drivers\stdio.h
  423   125  48  ..\..\Program Files (x86)\PICC\Drivers\string.h
   32     0   0  ..\..\Program Files (x86)\PICC\Drivers\stddef.h
   28     0   0  ..\..\Program Files (x86)\PICC\Drivers\ctype.h
  456    84  33  ..\..\Program Files (x86)\PICC\Drivers\lcd.c
----- -----
 1893   258 Total

Page ROM  %  RAM   Vol Diff  Functions:
---- --- --- ---   --- ----  ----------
0     20   5    1   221  3.2  @delay_ms1
0     12   3    0    65  1.6  timers_init
0      7   2    4    48  3.0  timers_set_time
0      9   2    1    30  2.0  timers_get_time
0     25   7    1   220  2.5  timers_isr
0      8   2    0   221  3.2  @const733
 Inline         3   596  5.9  lcd_read_byte
0      6   2    0    59  4.2  lcd_read_nibble
0     13   3    1   179  3.3  lcd_send_nibble
 Inline         3   460  4.7  lcd_send_byte
 Inline         2   667  5.9  lcd_init
0    151  40    0   149  1.3  bsp_init
0     15   4    1    51  2.0  bsp_led_toggle
0     61  16    2   221  3.2  MAIN
 Inline         0             @cinit1

Program metrics:
    Functions               14
    Statements              258
    Comments                407
    Volume (V)              5349
    Difficulty (D)          46.4
    Effort to implement (E) 248428
    Time to implement (T)   3 hours, 50 minutes
    Est Delivered Bugs (B)  1
    Cyclomatic Complexity   6
    Maintainability (MI)    137

 Segment     Used  Free
-----------  ----  ----
00000-00003     4  0  
00004-0002E    43  0  
0002F-007FF   327  1674  
00800-00FFF     0  2048  
01000-017FF     0  2048  
01800-01FFF     0  2048  



