
ROM used:   111/8192 (1%)
            111/8192 (1%) including unused fragments

            0.1 Average locations per line
            0.8 Average locations per statement

RAM used:   15/368 (4%) at main() level
            15/368 (4%) worst case

Stack used: 1 worst case (0 in main + 1 for interrupts)
Stack size: 8

Lines Stmts  %   Files
----- ----- ---  -----
   43    15  11  interrup2.c
  758     0   0  ..\..\Program Files (x86)\PICC\Devices\16f887.h
   37     0   0  ..\..\Program Files (x86)\PICC\Drivers\stdio.h
  423   125  89  ..\..\Program Files (x86)\PICC\Drivers\string.h
   32     0   0  ..\..\Program Files (x86)\PICC\Drivers\stddef.h
   28     0   0  ..\..\Program Files (x86)\PICC\Drivers\ctype.h
----- -----
 1321   140 Total

Page ROM  %  RAM   Vol Diff  Functions:
---- --- --- ---   --- ----  ----------
0      7   6    0    33  1.3  timer_isr
0     57  51    0   284  4.6  MAIN
 Inline         0             @cinit1

Program metrics:
    Functions               2
    Statements              140
    Comments                318
    Volume (V)              361
    Difficulty (D)          5.9
    Effort to implement (E) 2144
    Time to implement (T)   2 minutes
    Est Delivered Bugs (B)  0
    Cyclomatic Complexity   1
    Maintainability (MI)    107

 Segment     Used  Free
-----------  ----  ----
00000-00003     4  0  
00004-0002E    43  0  
0002F-007FF    64  1937  
00800-00FFF     0  2048  
01000-017FF     0  2048  
01800-01FFF     0  2048  



