
ROM used:   172/8192 (2%)
            172/8192 (2%) including unused fragments

            0.1 Average locations per line
            1.1 Average locations per statement

RAM used:   25/368 (7%) at main() level
            26/368 (7%) worst case

Stack used: 1 worst case (0 in main + 1 for interrupts)
Stack size: 8

Lines Stmts  %   Files
----- ----- ---  -----
   79    35  22  interrup3.c
  758     0   0  ..\..\Program Files (x86)\PICC\Devices\16f887.h
   37     0   0  ..\..\Program Files (x86)\PICC\Drivers\stdio.h
  423   125  78  ..\..\Program Files (x86)\PICC\Drivers\string.h
   32     0   0  ..\..\Program Files (x86)\PICC\Drivers\stddef.h
   28     0   0  ..\..\Program Files (x86)\PICC\Drivers\ctype.h
----- -----
 1357   160 Total

Page ROM  %  RAM   Vol Diff  Functions:
---- --- --- ---   --- ----  ----------
0     25  15    1   140  3.9  timer_isr
0     70  41    0   328  3.3  MAIN
0     10   6    0   116  3.8  proceso1
0     10   6    0   116  3.8  proceso2
0     10   6    0   116  3.8  proceso3
 Inline         0             @cinit1

Program metrics:
    Functions               5
    Statements              160
    Comments                317
    Volume (V)              1202
    Difficulty (D)          18.7
    Effort to implement (E) 22460
    Time to implement (T)   21 minutes
    Est Delivered Bugs (B)  0
    Cyclomatic Complexity   4
    Maintainability (MI)    75

 Segment     Used  Free
-----------  ----  ----
00000-00003     4  0  
00004-0002E    43  0  
0002F-007FF   125  1876  
00800-00FFF     0  2048  
01000-017FF     0  2048  
01800-01FFF     0  2048  



