
ROM used:   34/1024 (3%)
            34/1024 (3%) including unused fragments

            0.0 Average locations per line
            0.3 Average locations per statement

RAM used:   6/22 (27%) at main() level
            7/22 (32%) worst case

Stack used: 0 worst case (0 in main + 0 for interrupts)
Stack size: 2

Lines Stmts  %   Files
----- ----- ---  -----
   21     6   5  12f510prueba.c
  402     0   0  ..\..\Program Files (x86)\PICC\Devices\12f510.h
   37     0   0  ..\..\Program Files (x86)\PICC\Drivers\stdio.h
  423   125  95  ..\..\Program Files (x86)\PICC\Drivers\string.h
   32     0   0  ..\..\Program Files (x86)\PICC\Drivers\stddef.h
   28     0   0  ..\..\Program Files (x86)\PICC\Drivers\ctype.h
----- -----
  943   131 Total

Page ROM  %  RAM   Vol Diff  Functions:
---- --- --- ---   --- ----  ----------
0     18  53    1             @delay_ms1
0     16  47    0    88  2.0  MAIN
 Inline         0             @cinit1

Program metrics:
    Functions               1
    Statements              131
    Comments                251
    Volume (V)              92
    Difficulty (D)          1.7
    Effort to implement (E) 159
    Time to implement (T)   0 minutes
    Est Delivered Bugs (B)  0
    Cyclomatic Complexity   1
    Maintainability (MI)    41

 Segment     Used  Free
-----------  ----  ----
00000-001FF    34  475  
00200-003FF     0  512  



